# JRE version: Java(TM) SE Runtime Environment (8.0_111-b14) (build 1.8.0_111-b14)
# Java VM: Java HotSpot(TM) 64-Bit Server VM (25.111-b14 mixed mode linux-amd64 compressed oops)
Heap:
 PSYoungGen      total 74752K, used 57100K [0x000000076d100000, 0x0000000776300000, 0x00000007c0000000)
  eden space 64512K, 88% used [0x000000076d100000,0x00000007708c33b8,0x0000000771000000)
  from space 10240K, 0% used [0x0000000771a00000,0x0000000771a00000,0x0000000772400000)
  to   space 10240K, 0% used [0x0000000771000000,0x0000000771000000,0x0000000771a00000)
 ParOldGen       total 116224K, used 9961K [0x00000006c7200000, 0x00000006ce380000, 0x000000076d100000)
  object space 116224K, 8% used [0x00000006c7200000,0x00000006c7bba640,0x00000006ce380000)
 Metaspace       used 30495K, capacity 31338K, committed 31488K, reserved 1077248K
  class space    used 4066K, capacity 4267K, committed 4352K, reserved 1048576K
GC Heap History (6 events):
Event: 0,740 GC heap before
{Heap before GC invocations=1 (full 0):
 PSYoungGen      total 74752K, used 64512K [0x000000076d100000, 0x0000000772400000, 0x00000007c0000000)
  eden space 64512K, 100% used [0x000000076d100000,0x0000000771000000,0x0000000771000000)
  from space 10240K, 0% used [0x0000000771a00000,0x0000000771a00000,0x0000000772400000)
  to   space 10240K, 0% used [0x0000000771000000,0x0000000771000000,0x0000000771a00000)
 ParOldGen       total 171008K, used 0K [0x00000006c7200000, 0x00000006d1900000, 0x000000076d100000)
  object space 171008K, 0% used [0x00000006c7200000,0x00000006c7200000,0x00000006d1900000)
 Metaspace       used 12689K, capacity 13068K, committed 13440K, reserved 1060864K
  class space    used 1432K, capacity 1540K, committed 1664K, reserved 1048576K
Event: 0,747 GC heap after
Heap after GC invocations=1 (full 0):
 PSYoungGen      total 74752K, used 7326K [0x000000076d100000, 0x0000000772400000, 0x00000007c0000000)
  eden space 64512K, 0% used [0x000000076d100000,0x000000076d100000,0x0000000771000000)
  from space 10240K, 71% used [0x0000000771000000,0x0000000771727ab0,0x0000000771a00000)
  to   space 10240K, 0% used [0x0000000771a00000,0x0000000771a00000,0x0000000772400000)
 ParOldGen       total 171008K, used 80K [0x00000006c7200000, 0x00000006d1900000, 0x000000076d100000)
  object space 171008K, 0% used [0x00000006c7200000,0x00000006c7214010,0x00000006d1900000)
 Metaspace       used 12689K, capacity 13068K, committed 13440K, reserved 1060864K
  class space    used 1432K, capacity 1540K, committed 1664K, reserved 1048576K
}
Event: 1,276 GC heap before
{Heap before GC invocations=2 (full 0):
 PSYoungGen      total 74752K, used 63691K [0x000000076d100000, 0x0000000772400000, 0x00000007c0000000)
  eden space 64512K, 87% used [0x000000076d100000,0x000000077080b380,0x0000000771000000)
  from space 10240K, 71% used [0x0000000771000000,0x0000000771727ab0,0x0000000771a00000)
  to   space 10240K, 0% used [0x0000000771a00000,0x0000000771a00000,0x0000000772400000)
 ParOldGen       total 171008K, used 80K [0x00000006c7200000, 0x00000006d1900000, 0x000000076d100000)
  object space 171008K, 0% used [0x00000006c7200000,0x00000006c7214010,0x00000006d1900000)
 Metaspace       used 20517K, capacity 21040K, committed 21248K, reserved 1067008K
  class space    used 2533K, capacity 2702K, committed 2816K, reserved 1048576K
Event: 1,285 GC heap after
Heap after GC invocations=2 (full 0):
 PSYoungGen      total 74752K, used 10195K [0x000000076d100000, 0x0000000776300000, 0x00000007c0000000)
  eden space 64512K, 0% used [0x000000076d100000,0x000000076d100000,0x0000000771000000)
  from space 10240K, 99% used [0x0000000771a00000,0x00000007723f4f28,0x0000000772400000)
  to   space 10240K, 0% used [0x0000000771000000,0x0000000771000000,0x0000000771a00000)
 ParOldGen       total 171008K, used 88K [0x00000006c7200000, 0x00000006d1900000, 0x000000076d100000)
  object space 171008K, 0% used [0x00000006c7200000,0x00000006c7216010,0x00000006d1900000)
 Metaspace       used 20517K, capacity 21040K, committed 21248K, reserved 1067008K
  class space    used 2533K, capacity 2702K, committed 2816K, reserved 1048576K
}
Event: 1,285 GC heap before
{Heap before GC invocations=3 (full 1):
 PSYoungGen      total 74752K, used 10195K [0x000000076d100000, 0x0000000776300000, 0x00000007c0000000)
  eden space 64512K, 0% used [0x000000076d100000,0x000000076d100000,0x0000000771000000)
  from space 10240K, 99% used [0x0000000771a00000,0x00000007723f4f28,0x0000000772400000)
  to   space 10240K, 0% used [0x0000000771000000,0x0000000771000000,0x0000000771a00000)
 ParOldGen       total 171008K, used 88K [0x00000006c7200000, 0x00000006d1900000, 0x000000076d100000)
  object space 171008K, 0% used [0x00000006c7200000,0x00000006c7216010,0x00000006d1900000)
 Metaspace       used 20517K, capacity 21040K, committed 21248K, reserved 1067008K
  class space    used 2533K, capacity 2702K, committed 2816K, reserved 1048576K
Event: 1,313 GC heap after
Heap after GC invocations=3 (full 1):
 PSYoungGen      total 74752K, used 0K [0x000000076d100000, 0x0000000776300000, 0x00000007c0000000)
  eden space 64512K, 0% used [0x000000076d100000,0x000000076d100000,0x0000000771000000)
  from space 10240K, 0% used [0x0000000771a00000,0x0000000771a00000,0x0000000772400000)
  to   space 10240K, 0% used [0x0000000771000000,0x0000000771000000,0x0000000771a00000)
 ParOldGen       total 116224K, used 9961K [0x00000006c7200000, 0x00000006ce380000, 0x000000076d100000)
  object space 116224K, 8% used [0x00000006c7200000,0x00000006c7bba640,0x00000006ce380000)
 Metaspace       used 20513K, capacity 21034K, committed 21248K, reserved 1067008K
  class space    used 2533K, capacity 2701K, committed 2816K, reserved 1048576K
}

